#
# A fatal error has been detected by the Java Runtime Environment:
#
#  Internal Error (javaClasses.cpp:129), pid=1228, tid=5048
#  fatal error: Invalid layout of preloaded class
#
# JRE version: 7.0_15-b03
# Java VM: Java HotSpot(TM) 64-Bit Server VM (23.7-b01 mixed mode windows-amd64 compressed oops)
# Failed to write core dump. Minidumps are not enabled by default on client versions of Windows
#
# If you would like to submit a bug report, please visit:
#   http://bugreport.sun.com/bugreport/crash.jsp
#

---------------  T H R E A D  ---------------

Current thread (0x00000000023a0800):  JavaThread "Unknown thread" [_thread_in_vm, id=5048, stack(0x00000000022a0000,0x00000000023a0000)]

Stack: [0x00000000022a0000,0x00000000023a0000]

---------------  P R O C E S S  ---------------

Java Threads: ( => current thread )

Other Threads:

=>0x00000000023a0800 (exited) JavaThread "Unknown thread" [_thread_in_vm, id=5048, stack(0x00000000022a0000,0x00000000023a0000)]

VM state:not at safepoint (not fully initialized)

VM Mutex/Monitor currently owned by a thread: None

GC Heap History (0 events):
No events

Deoptimization events (0 events):
No events

Internal exceptions (0 events):
No events

Events (10 events):
Event: 0.012 loading class 0x00000000023e88b0 done
Event: 0.012 loading class 0x00000000023ab650 done
Event: 0.012 loading class 0x00000000023ab620
Event: 0.012 loading class 0x0000000008683f60
Event: 0.013 loading class 0x0000000008683f60 done
Event: 0.013 loading class 0x0000000008683160
Event: 0.013 loading class 0x0000000008683160 done
Event: 0.013 loading class 0x0000000008682710
Event: 0.013 loading class 0x0000000008682710 done
Event: 0.013 loading class 0x00000000023ab620 done


Dynamic libraries:
0x000007f7d64f0000 - 0x000007f7d6523000 	C:\adt-bundle-windows-x86_64\eclipse\jre\bin\javaw.exe
0x000007fefbfc0000 - 0x000007fefc180000 	C:\Windows\SYSTEM32\ntdll.dll
0x000007fef9e80000 - 0x000007fef9fb6000 	C:\Windows\system32\KERNEL32.DLL
0x000007fef92c0000 - 0x000007fef93b3000 	C:\Windows\system32\KERNELBASE.dll
0x000007fefa960000 - 0x000007fefaa3e000 	C:\Windows\system32\ADVAPI32.dll
0x000007fefa010000 - 0x000007fefa15c000 	C:\Windows\system32\USER32.dll
0x000007fef6b70000 - 0x000007fef6dda000 	C:\Windows\WinSxS\amd64_microsoft.windows.common-controls_6595b64144ccf1df_6.0.9200.16579_none_418ab7ef718b27ef\COMCTL32.dll
0x000007fefa530000 - 0x000007fefa5d5000 	C:\Windows\system32\msvcrt.dll
0x000007fefbd90000 - 0x000007fefbdd8000 	C:\Windows\SYSTEM32\sechost.dll
0x000007fef93c0000 - 0x000007fef9500000 	C:\Windows\system32\RPCRT4.dll
0x000007fefa5e0000 - 0x000007fefa721000 	C:\Windows\system32\GDI32.dll
0x000007fef9a70000 - 0x000007fef9aa9000 	C:\Windows\system32\IMM32.DLL
0x000007fef9950000 - 0x000007fef9a66000 	C:\Windows\system32\MSCTF.dll
0x000007fef8e20000 - 0x000007fef8e66000 	C:\Windows\system32\nvinitx.dll
0x000000000f000000 - 0x000000000f006000 	C:\Program Files\NVIDIA Corporation\CoProcManager\detoured.dll
0x000007fef64d0000 - 0x000007fef6525000 	C:\Program Files\NVIDIA Corporation\CoProcManager\nvd3d9wrapx.dll
0x000007fefbde0000 - 0x000007fefbfb0000 	C:\Windows\system32\SETUPAPI.dll
0x000007fef9000000 - 0x000007fef904f000 	C:\Windows\system32\CFGMGR32.dll
0x000007fef9050000 - 0x000007fef9072000 	C:\Windows\system32\DEVOBJ.dll
0x000007fef6380000 - 0x000007fef63bd000 	C:\Program Files\NVIDIA Corporation\CoProcManager\nvdxgiwrapx.dll
0x0000000064cb0000 - 0x0000000064d81000 	C:\adt-bundle-windows-x86_64\eclipse\jre\bin\msvcr100.dll
0x0000000064e90000 - 0x00000000655af000 	C:\adt-bundle-windows-x86_64\eclipse\jre\bin\server\jvm.dll
0x000007feeef40000 - 0x000007feeef49000 	C:\Windows\SYSTEM32\WSOCK32.dll
0x000007fef63c0000 - 0x000007fef63e0000 	C:\Windows\SYSTEM32\WINMM.dll
0x000007fefa730000 - 0x000007fefa737000 	C:\Windows\system32\PSAPI.DLL
0x000007fef9500000 - 0x000007fef9558000 	C:\Windows\system32\WS2_32.dll
0x000007fef6330000 - 0x000007fef6362000 	C:\Windows\SYSTEM32\WINMMBASE.dll
0x000007fefa7b0000 - 0x000007fefa7b9000 	C:\Windows\system32\NSI.dll
0x0000000064e80000 - 0x0000000064e8f000 	C:\adt-bundle-windows-x86_64\eclipse\jre\bin\verify.dll
0x0000000064e50000 - 0x0000000064e78000 	C:\adt-bundle-windows-x86_64\eclipse\jre\bin\java.dll
0x0000000064e30000 - 0x0000000064e45000 	C:\adt-bundle-windows-x86_64\eclipse\jre\bin\zip.dll

VM Arguments:
jvm_args: -Djava.library.path=C:\Users\firetrap\Documents\GitHub\Moody\Moody -Dfile.encoding=Cp1252 -Xbootclasspath:C:\adt-bundle-windows-x86_64\sdk\platforms\android-17\android.jar;C:\adt-bundle-windows-x86_64\sdk\add-ons\addon-google_apis-google-17\libs\effects.jar;C:\adt-bundle-windows-x86_64\sdk\add-ons\addon-google_apis-google-17\libs\usb.jar;C:\adt-bundle-windows-x86_64\sdk\add-ons\addon-google_apis-google-17\libs\maps.jar 
java_command: connections.Token
Launcher Type: SUN_STANDARD

Environment Variables:
JAVA_HOME=C:\Program Files\Java\jdk1.7.0_21\
PATH=C:/adt-bundle-windows-x86_64/eclipse/jre/bin/server;C:/adt-bundle-windows-x86_64/eclipse/jre/bin;C:/adt-bundle-windows-x86_64/eclipse/jre/lib/amd64;C:\Program Files (x86)\NVIDIA Corporation\PhysX\Common;C:\Program Files (x86)\Common Files\Intel\Shared Files\cpp\bin\Intel64;C:\Program Files (x86)\Intel\iCLS Client\;C:\Program Files\Intel\iCLS Client\;C:\Windows\system32;C:\Windows;C:\Windows\System32\Wbem;C:\Windows\System32\WindowsPowerShell\v1.0\;C:\Program Files (x86)\Intel\OpenCL SDK\2.0\bin\x86;C:\Program Files (x86)\Intel\OpenCL SDK\2.0\bin\x64;C:\Program Files\Microsoft\Web Platform Installer\;C:\Program Files (x86)\Microsoft ASP.NET\ASP.NET Web Pages\v1.0\;C:\Program Files (x86)\Windows Kits\8.0\Windows Performance Toolkit\;C:\Program Files\Microsoft SQL Server\110\Tools\Binn\;C:\adt-bundle-windows-x86_64\sdk\platform-tools;.;;.;;C:\Windows\system32;
USERNAME=firetrap
OS=Windows_NT
PROCESSOR_IDENTIFIER=Intel64 Family 6 Model 42 Stepping 7, GenuineIntel



---------------  S Y S T E M  ---------------

OS: Windows 8 , 64 bit Build 9200 

CPU:total 4 (2 cores per cpu, 2 threads per core) family 6 model 42 stepping 7, cmov, cx8, fxsr, mmx, sse, sse2, sse3, ssse3, sse4.1, sse4.2, popcnt, avx, ht, tsc, tscinvbit

Memory: 4k page, physical 4097088k(1164812k free), swap 8291392k(4182400k free)

vm_info: Java HotSpot(TM) 64-Bit Server VM (23.7-b01) for windows-amd64 JRE (1.7.0_15-b03), built on Feb 15 2013 13:43:57 by "java_re" with unknown MS VC++:1600

time: Mon Jul 29 02:23:14 2013
elapsed time: 0 seconds

