#
# A fatal error has been detected by the Java Runtime Environment:
#
#  Internal Error (javaClasses.cpp:129), pid=4212, tid=5632
#  fatal error: Invalid layout of preloaded class
#
# JRE version: 7.0_15-b03
# Java VM: Java HotSpot(TM) 64-Bit Server VM (23.7-b01 mixed mode windows-amd64 compressed oops)
# Failed to write core dump. Minidumps are not enabled by default on client versions of Windows
#
# If you would like to submit a bug report, please visit:
#   http://bugreport.sun.com/bugreport/crash.jsp
#

---------------  T H R E A D  ---------------

Current thread (0x000000000266e800):  JavaThread "Unknown thread" [_thread_in_vm, id=5632, stack(0x0000000002550000,0x0000000002650000)]

Stack: [0x0000000002550000,0x0000000002650000]

---------------  P R O C E S S  ---------------

Java Threads: ( => current thread )

Other Threads:

=>0x000000000266e800 (exited) JavaThread "Unknown thread" [_thread_in_vm, id=5632, stack(0x0000000002550000,0x0000000002650000)]

VM state:not at safepoint (not fully initialized)

VM Mutex/Monitor currently owned by a thread: None

GC Heap History (0 events):
No events

Deoptimization events (0 events):
No events

Internal exceptions (0 events):
No events

Events (10 events):
Event: 0.043 loading class 0x00000000026b89b0 done
Event: 0.044 loading class 0x000000000267b4e0 done
Event: 0.044 loading class 0x000000000267b420
Event: 0.044 loading class 0x0000000008a0f820
Event: 0.044 loading class 0x0000000008a0f820 done
Event: 0.044 loading class 0x0000000008a0f660
Event: 0.044 loading class 0x0000000008a0f660 done
Event: 0.044 loading class 0x000000000270a4d0
Event: 0.044 loading class 0x000000000270a4d0 done
Event: 0.045 loading class 0x000000000267b420 done


Dynamic libraries:
0x000007f73c550000 - 0x000007f73c583000 	C:\adt-bundle-windows-x86_64\eclipse\jre\bin\javaw.exe
0x000007fd3a400000 - 0x000007fd3a5c0000 	C:\Windows\SYSTEM32\ntdll.dll
0x000007fd37b70000 - 0x000007fd37ca6000 	C:\Windows\system32\KERNEL32.DLL
0x000007fd37700000 - 0x000007fd377f3000 	C:\Windows\system32\KERNELBASE.dll
0x000007fd381c0000 - 0x000007fd3829e000 	C:\Windows\system32\ADVAPI32.dll
0x000007fd38590000 - 0x000007fd386dc000 	C:\Windows\system32\USER32.dll
0x000007fd34d60000 - 0x000007fd34fca000 	C:\Windows\WinSxS\amd64_microsoft.windows.common-controls_6595b64144ccf1df_6.0.9200.16579_none_418ab7ef718b27ef\COMCTL32.dll
0x000007fd37980000 - 0x000007fd37a25000 	C:\Windows\system32\msvcrt.dll
0x000007fd38800000 - 0x000007fd38848000 	C:\Windows\SYSTEM32\sechost.dll
0x000007fd37a30000 - 0x000007fd37b70000 	C:\Windows\system32\RPCRT4.dll
0x000007fd3a2a0000 - 0x000007fd3a3e1000 	C:\Windows\system32\GDI32.dll
0x000007fd3a090000 - 0x000007fd3a0c9000 	C:\Windows\system32\IMM32.DLL
0x000007fd386e0000 - 0x000007fd387f6000 	C:\Windows\system32\MSCTF.dll
0x000007fd37260000 - 0x000007fd372a6000 	C:\Windows\system32\nvinitx.dll
0x000000000f000000 - 0x000000000f006000 	C:\Program Files\NVIDIA Corporation\CoProcManager\detoured.dll
0x000007fd34c40000 - 0x000007fd34c95000 	C:\Program Files\NVIDIA Corporation\CoProcManager\nvd3d9wrapx.dll
0x000007fd3a0d0000 - 0x000007fd3a2a0000 	C:\Windows\system32\SETUPAPI.dll
0x000007fd375a0000 - 0x000007fd375ef000 	C:\Windows\system32\CFGMGR32.dll
0x000007fd37570000 - 0x000007fd37592000 	C:\Windows\system32\DEVOBJ.dll
0x000007fd347f0000 - 0x000007fd3482d000 	C:\Program Files\NVIDIA Corporation\CoProcManager\nvdxgiwrapx.dll
0x0000000051e10000 - 0x0000000051ee1000 	C:\adt-bundle-windows-x86_64\eclipse\jre\bin\msvcr100.dll
0x0000000052120000 - 0x000000005283f000 	C:\adt-bundle-windows-x86_64\eclipse\jre\bin\server\jvm.dll
0x000007fd34620000 - 0x000007fd34629000 	C:\Windows\SYSTEM32\WSOCK32.dll
0x000007fd347c0000 - 0x000007fd347e0000 	C:\Windows\SYSTEM32\WINMM.dll
0x000007fd3a3f0000 - 0x000007fd3a3f7000 	C:\Windows\system32\PSAPI.DLL
0x000007fd388f0000 - 0x000007fd38948000 	C:\Windows\system32\WS2_32.dll
0x000007fd34700000 - 0x000007fd34732000 	C:\Windows\SYSTEM32\WINMMBASE.dll
0x000007fd38950000 - 0x000007fd38959000 	C:\Windows\system32\NSI.dll
0x0000000052b20000 - 0x0000000052b2f000 	C:\adt-bundle-windows-x86_64\eclipse\jre\bin\verify.dll
0x0000000052af0000 - 0x0000000052b18000 	C:\adt-bundle-windows-x86_64\eclipse\jre\bin\java.dll
0x0000000052ad0000 - 0x0000000052ae5000 	C:\adt-bundle-windows-x86_64\eclipse\jre\bin\zip.dll

VM Arguments:
jvm_args: -Djava.library.path=C:\Users\firetrap\Documents\GitHub\Moody\Moody -Dfile.encoding=Cp1252 -Xbootclasspath:C:\adt-bundle-windows-x86_64\sdk\platforms\android-17\android.jar;C:\adt-bundle-windows-x86_64\sdk\add-ons\addon-google_apis-google-17\libs\effects.jar;C:\adt-bundle-windows-x86_64\sdk\add-ons\addon-google_apis-google-17\libs\usb.jar;C:\adt-bundle-windows-x86_64\sdk\add-ons\addon-google_apis-google-17\libs\maps.jar 
java_command: connections.HTMLparser
Launcher Type: SUN_STANDARD

Environment Variables:
JAVA_HOME=C:\Program Files\Java\jdk1.7.0_21\
PATH=C:/adt-bundle-windows-x86_64/eclipse/jre/bin/server;C:/adt-bundle-windows-x86_64/eclipse/jre/bin;C:/adt-bundle-windows-x86_64/eclipse/jre/lib/amd64;C:\Program Files (x86)\NVIDIA Corporation\PhysX\Common;C:\Program Files (x86)\Common Files\Intel\Shared Files\cpp\bin\Intel64;C:\Program Files (x86)\Intel\iCLS Client\;C:\Program Files\Intel\iCLS Client\;C:\Windows\system32;C:\Windows;C:\Windows\System32\Wbem;C:\Windows\System32\WindowsPowerShell\v1.0\;C:\Program Files (x86)\Intel\OpenCL SDK\2.0\bin\x86;C:\Program Files (x86)\Intel\OpenCL SDK\2.0\bin\x64;C:\Program Files\Microsoft\Web Platform Installer\;C:\Program Files (x86)\Microsoft ASP.NET\ASP.NET Web Pages\v1.0\;C:\Program Files (x86)\Windows Kits\8.0\Windows Performance Toolkit\;C:\Program Files\Microsoft SQL Server\110\Tools\Binn\;C:\adt-bundle-windows-x86_64\sdk\platform-tools;.;;.;;C:\Windows\system32;
USERNAME=firetrap
OS=Windows_NT
PROCESSOR_IDENTIFIER=Intel64 Family 6 Model 42 Stepping 7, GenuineIntel



---------------  S Y S T E M  ---------------

OS: Windows 8 , 64 bit Build 9200 

CPU:total 4 (2 cores per cpu, 2 threads per core) family 6 model 42 stepping 7, cmov, cx8, fxsr, mmx, sse, sse2, sse3, ssse3, sse4.1, sse4.2, popcnt, avx, ht, tsc, tscinvbit

Memory: 4k page, physical 4097088k(705832k free), swap 8291392k(3309344k free)

vm_info: Java HotSpot(TM) 64-Bit Server VM (23.7-b01) for windows-amd64 JRE (1.7.0_15-b03), built on Feb 15 2013 13:43:57 by "java_re" with unknown MS VC++:1600

time: Sat Jul 27 13:32:44 2013
elapsed time: 0 seconds

